<?xml version="1.0" encoding="UTF-8"?>
<!-- Generated by org.testng.reporters.JUnitReportReporter -->
<testsuite hostname="DESKTOP-LE5A5LE" failures="0" tests="1" name="Test.TestCompleteTaskPercentage" time="11.219" errors="0" timestamp="2024-09-30T12:53:23 IST" skipped="0">
  <testcase classname="Test.TestCompleteTaskPercentage" name="isCompeledTaskMoreThan50Percent" time="11.219"/>
  <system-out/>
</testsuite> <!-- Test.TestCompleteTaskPercentage -->
